{"level":"info","message":"connected to allchat Database"}
{"level":"info","message":"connected to allchat Database"}
{"level":"info","message":"connected to allchat Database"}
{"level":"info","message":"connected to allchat Database"}
{"level":"info","message":"connected to allchat Database"}
{"level":"info","message":"connected to allchat Database"}
{"level":"info","message":"connected to allchat Database"}
{"level":"info","message":"connected to allchat Database"}
{"level":"info","message":"connected to allchat Database"}
{"level":"info","message":"connected to allchat Database"}
{"level":"info","message":"connected to allchat Database"}
{"level":"info","message":"connected to allchat Database"}
{"level":"info","message":"connected to allchat Database"}
{"level":"info","message":"connected to allchat Database"}
{"level":"info","message":"connected to allchat Database"}
{"level":"info","message":"connected to allchat Database"}
{"level":"info","message":"connected to allchat Database"}
{"level":"info","message":"connected to allchat Database"}
{"level":"info","message":"connected to allchat Database"}
{"level":"info","message":"connected to allchat Database"}
{"level":"info","message":"connected to allchat Database"}
{"level":"info","message":"connected to allchat Database"}
{"level":"info","message":"connected to allchat Database"}
{"level":"info","message":"connected to allchat Database"}
{"level":"info","message":"connected to allchat Database"}
{"level":"info","message":"connected to allchat Database"}
{"level":"info","message":"connected to allchat Database"}
{"level":"info","message":"connected to allchat Database"}
{"level":"info","message":"connected to allchat Database"}
{"level":"info","message":"connected to allchat Database"}
{"level":"info","message":"connected to allchat Database"}
{"level":"info","message":"connected to allchat Database"}
{"level":"info","message":"connected to allchat Database"}
{"level":"info","message":"connected to allchat Database"}
{"level":"info","message":"connected to allchat Database"}
{"level":"info","message":"connected to allchat Database"}
{"level":"info","message":"connected to allchat Database"}
{"level":"info","message":"connected to allchat Database"}
{"level":"info","message":"connected to allchat Database"}
{"level":"info","message":"connected to allchat Database"}
{"level":"info","message":"connected to allchat Database"}
{"level":"info","message":"connected to allchat Database"}
{"level":"info","message":"connected to allchat Database"}
{"level":"info","message":"connected to allchat Database"}
{"level":"info","message":"connected to allchat Database"}
{"level":"info","message":"connected to allchat Database"}
{"level":"info","message":"connected to allchat Database"}
{"level":"info","message":"connected to allchat Database"}
{"level":"info","message":"connected to allchat Database"}
{"level":"info","message":"connected to allchat Database"}
{"level":"info","message":"connected to allchat Database"}
{"level":"info","message":"connected to allchat Database"}
{"level":"info","message":"connected to allchat Database"}
{"level":"info","message":"connected to allchat Database"}
{"level":"info","message":"connected to allchat Database"}
{"level":"info","message":"connected to allchat Database"}
{"level":"info","message":"connected to allchat Database"}
{"level":"info","message":"connected to allchat Database"}
{"level":"info","message":"connected to allchat Database"}
{"level":"info","message":"connected to allchat Database"}
{"level":"info","message":"connected to allchat Database"}
{"level":"info","message":"connected to allchat Database"}
{"level":"info","message":"connected to allchat Database"}
{"level":"info","message":"connected to allchat Database"}
{"level":"info","message":"connected to allchat Database"}
{"level":"info","message":"connected to allchat Database"}
{"level":"info","message":"connected to allchat Database"}
{"level":"info","message":"connected to allchat Database"}
{"level":"info","message":"connected to allchat Database"}
{"level":"info","message":"connected to allchat Database"}
{"level":"info","message":"connected to allchat Database"}
{"level":"info","message":"connected to allchat Database"}
{"level":"info","message":"connected to allchat Database"}
{"level":"info","message":"connected to allchat Database"}
{"level":"info","message":"connected to allchat Database"}
{"level":"info","message":"connected to allchat Database"}
{"level":"info","message":"connected to allchat Database"}
{"level":"info","message":"connected to allchat Database"}
{"level":"info","message":"connected to allchat Database"}
{"level":"info","message":"connected to allchat Database"}
{"level":"info","message":"connected to allchat Database"}
{"level":"info","message":"connected to allchat Database"}
{"level":"info","message":"connected to allchat Database"}
{"level":"info","message":"connected to allchat Database"}
{"level":"info","message":"connected to allchat Database"}
{"level":"info","message":"connected to allchat Database"}
{"level":"info","message":"connected to allchat Database"}
{"level":"info","message":"connected to allchat Database"}
{"level":"info","message":"user connected"}
{"level":"info","message":"user connected"}
{"level":"info","message":"connected to allchat Database"}
{"level":"info","message":"connected to the port number 3000"}
{"level":"info","message":"user connected"}
{"level":"info","message":"user connected"}
{"level":"info","message":"a@a.com"}
{"level":"info","message":"user connected"}
{"level":"info","message":"b@b.com"}
{"level":"info","message":"user connected"}
{"level":"info","message":"connected to allchat Database"}
{"level":"info","message":"connected to the port number 3000"}
{"level":"info","message":"user connected"}
{"level":"info","message":"user connected"}
{"level":"info","message":"connected to allchat Database"}
{"level":"info","message":"connected to the port number 3000"}
{"level":"info","message":"user connected b@b.com"}
{"level":"info","message":"user connected a@a.com"}
{"level":"info","message":"connected to allchat Database"}
{"level":"info","message":"connected to the port number 3000"}
{"level":"info","message":"b@b.com connected"}
{"level":"info","message":"a@a.com connected"}
{"level":"info","message":"connected to allchat Database"}
{"level":"info","message":"connected to the port number 3000"}
{"level":"info","message":"a@a.com connected"}
{"level":"info","message":"b@b.com connected"}
{"level":"info","message":"connected to allchat Database"}
{"level":"info","message":"connected to the port number 3000"}
{"level":"info","message":"b@b.com connected"}
{"level":"info","message":"a@a.com connected"}
{"level":"info","message":"connected to allchat Database"}
{"level":"info","message":"connected to the port number 3000"}
{"level":"info","message":"b@b.com connected"}
{"level":"info","message":"a@a.com connected"}
{"level":"info","message":"a@a.com"}
{"level":"info","message":"connected to allchat Database"}
{"level":"info","message":"connected to the port number 3000"}
{"level":"info","message":"connected to allchat Database"}
{"level":"info","message":"connected to the port number 3000"}
{"level":"info","message":"connected to allchat Database"}
{"level":"info","message":"connected to the port number 3000"}
{"level":"info","message":"connected to allchat Database"}
{"level":"info","message":"connected to the port number 3000"}
{"level":"info","message":"connected to allchat Database"}
{"level":"info","message":"connected to the port number 3000"}
{"level":"info","message":"connected to allchat Database"}
{"level":"info","message":"connected to the port number 3000"}
{"level":"info","message":"connected to allchat Database"}
{"level":"info","message":"connected to the port number 3000"}
{"level":"info","message":"a@a.com connected"}
{"level":"info","message":"a@a.com"}
{"level":"info","message":"connected to allchat Database"}
{"level":"info","message":"connected to the port number 3000"}
{"level":"info","message":"connected to allchat Database"}
{"level":"info","message":"connected to the port number 3000"}
{"level":"info","message":"a@a.com connected"}
{"level":"info","message":"a@a.com"}
{"level":"info","message":"a@a.com connected"}
{"level":"info","message":"a@a.com"}
{"level":"info","message":"a@a.com connected"}
{"level":"info","message":"a@a.com"}
{"level":"info","message":"a@a.com connected"}
{"level":"info","message":"a@a.com"}
{"level":"info","message":"a@a.com connected"}
{"level":"info","message":"a@a.com"}
{"level":"info","message":"a@a.com connected"}
{"level":"info","message":"a@a.com"}
{"level":"info","message":"a@a.com connected"}
{"level":"info","message":"a@a.com"}
{"level":"info","message":"a@a.com connected"}
{"level":"info","message":"a@a.com"}
{"level":"info","message":"a@a.com connected"}
{"level":"info","message":"a@a.com"}
{"level":"info","message":"a@a.com connected"}
{"level":"info","message":"a@a.com"}
{"level":"info","message":"a@a.com connected"}
{"level":"info","message":"a@a.com"}
{"level":"info","message":"a@a.com connected"}
{"level":"info","message":"a@a.com"}
{"level":"info","message":"a@a.com connected"}
{"level":"info","message":"a@a.com"}
{"level":"info","message":"a@a.com connected"}
{"level":"info","message":"a@a.com"}
{"level":"info","message":"a@a.com connected"}
{"level":"info","message":"a@a.com"}
{"level":"info","message":"a@a.com connected"}
{"level":"info","message":"a@a.com"}
{"level":"info","message":"a@a.com connected"}
{"level":"info","message":"a@a.com"}
{"level":"info","message":"a@a.com connected"}
{"level":"info","message":"a@a.com"}
{"level":"info","message":"a@a.com connected"}
{"level":"info","message":"a@a.com"}
{"level":"info","message":"a@a.com connected"}
{"level":"info","message":"a@a.com"}
{"level":"info","message":"a@a.com connected"}
{"level":"info","message":"a@a.com"}
{"level":"info","message":"a@a.com connected"}
{"level":"info","message":"a@a.com"}
{"level":"info","message":"a@a.com connected"}
{"level":"info","message":"a@a.com"}
{"level":"info","message":"a@a.com connected"}
{"level":"info","message":"a@a.com"}
{"level":"info","message":"a@a.com connected"}
{"level":"info","message":"a@a.com"}
{"level":"info","message":"a@a.com connected"}
{"level":"info","message":"a@a.com"}
{"level":"info","message":"a@a.com connected"}
{"level":"info","message":"a@a.com"}
{"level":"info","message":"a@a.com connected"}
{"level":"info","message":"a@a.com"}
{"level":"info","message":"a@a.com connected"}
{"level":"info","message":"a@a.com"}
{"level":"info","message":"a@a.com connected"}
{"level":"info","message":"a@a.com"}
{"level":"info","message":"a@a.com connected"}
{"level":"info","message":"a@a.com"}
{"level":"info","message":"a@a.com connected"}
{"level":"info","message":"a@a.com"}
{"level":"info","message":"a@a.com connected"}
{"level":"info","message":"a@a.com"}
{"level":"info","message":"a@a.com connected"}
{"level":"info","message":"a@a.com"}
{"level":"info","message":"a@a.com connected"}
{"level":"info","message":"a@a.com"}
{"level":"info","message":"a@a.com connected"}
{"level":"info","message":"connected to allchat Database"}
{"level":"info","message":"connected to the port number 3000"}
{"level":"info","message":"a@a.com connected"}
{"level":"info","message":"connected to allchat Database"}
{"level":"info","message":"connected to the port number 3000"}
{"level":"info","message":"a@a.com connected"}
{"level":"info","message":"a@a.com"}
{"level":"info","message":"a@a.com connected"}
{"level":"info","message":"a@a.com"}
{"level":"info","message":"a@a.com connected"}
{"level":"info","message":"a@a.com"}
{"level":"info","message":"a@a.com connected"}
{"level":"info","message":"connected to allchat Database"}
{"level":"info","message":"connected to the port number 3000"}
{"level":"info","message":"a@a.com connected"}
{"level":"info"}
{"level":"info","message":"a@a.com connected"}
{"level":"info"}
{"level":"info","message":"a@a.com connected"}
{"level":"info"}
{"level":"info","message":"a@a.com connected"}
{"level":"info"}
{"level":"info","message":"a@a.com connected"}
{"level":"info"}
{"level":"info","message":"a@a.com connected"}
{"level":"info"}
{"level":"info","message":"a@a.com connected"}
{"level":"info"}
{"level":"info","message":"a@a.com connected"}
{"level":"info"}
{"level":"info","message":"a@a.com connected"}
{"level":"info"}
{"level":"info","message":"a@a.com connected"}
{"level":"info"}
{"level":"info","message":"a@a.com connected"}
{"level":"info"}
{"level":"info","message":"a@a.com connected"}
{"level":"info"}
{"level":"info","message":"a@a.com connected"}
{"level":"info"}
{"level":"info","message":"a@a.com connected"}
{"level":"info"}
{"level":"info","message":"a@a.com connected"}
{"level":"info"}
{"level":"info","message":"a@a.com connected"}
{"level":"info"}
{"level":"info","message":"a@a.com connected"}
{"level":"info","message":"b@b.com connected"}
{"level":"info"}
{"level":"info","message":"connected to allchat Database"}
{"level":"info","message":"connected to the port number 3000"}
{"level":"info","message":"b@b.com connected"}
{"level":"info","message":"b@b.com"}
{"level":"info","message":"a@a.com connected"}
{"level":"info","message":"b@b.com connected"}
{"level":"info","message":"a@a.com"}
{"level":"info","message":"a@a.com connected"}
{"level":"info","message":"b@b.com"}
{"level":"info","message":"a@a.com"}
{"level":"info","message":"a@a.com connected"}
{"level":"info","message":"b@b.com connected"}
{"level":"info","message":"b@b.com"}
{"level":"info","message":"b@b.com connected"}
{"level":"info","message":"b@b.com"}
{"level":"info","message":"b@b.com connected"}
{"level":"info","message":"a@a.com"}
{"level":"info","message":"a@a.com connected"}
{"level":"info","message":"b@b.com"}
{"level":"info","message":"b@b.com connected"}
{"level":"info","message":"b@b.com"}
{"level":"info","message":"b@b.com connected"}
{"level":"info","message":"b@b.com"}
{"level":"info","message":"b@b.com connected"}
{"level":"info","message":"c@c.com connected"}
{"level":"info","message":"c@c.com"}
{"level":"info","message":"b@b.com"}
{"level":"info","message":"a@a.com"}
{"level":"info","message":"c@c.com connected"}
{"level":"info","message":"a@a.com connected"}
{"level":"info","message":"b@b.com connected"}
{"level":"info","message":"b@b.com"}
{"level":"info","message":"a@a.com"}
{"level":"info","message":"c@c.com"}
{"level":"info","message":"a@a.com connected"}
{"level":"info","message":"c@c.com connected"}
{"level":"info","message":"c@c.com"}
{"level":"info","message":"a@a.com"}
{"level":"info","message":"a@a.com connected"}
{"level":"info","message":"c@c.com connected"}
{"level":"info","message":"a@a.com"}
{"level":"info","message":"c@c.com"}
{"level":"info","message":"a@a.com connected"}
{"level":"info","message":"c@c.com connected"}
{"level":"info","message":"a@a.com"}
{"level":"info","message":"a@a.com connected"}
{"level":"info","message":"a@a.com"}
{"level":"info","message":"c@c.com"}
{"level":"info","message":"a@a.com connected"}
{"level":"info","message":"c@c.com connected"}
{"level":"info","message":"a@a.com"}
{"level":"info","message":"a@a.com connected"}
{"level":"info","message":"b@b.com connected"}
{"level":"info","message":"b@b.com"}
{"level":"info","message":"b@b.com connected"}
{"level":"info","message":"b@b.com"}
{"level":"info","message":"c@c.com"}
{"level":"info","message":"a@a.com"}
{"level":"info","message":"a@a.com connected"}
{"level":"info","message":"b@b.com connected"}
{"level":"info","message":"c@c.com connected"}
{"level":"info","message":"c@c.com"}
{"level":"info","message":"c@c.com connected"}
{"level":"info","message":"c@c.com"}
{"level":"info","message":"b@b.com"}
{"level":"info","message":"a@a.com"}
{"level":"info","message":"a@a.com connected"}
{"level":"info","message":"c@c.com connected"}
{"level":"info","message":"b@b.com connected"}
{"level":"info","message":"b@b.com"}
{"level":"info","message":"c@c.com"}
{"level":"info","message":"connected to allchat Database"}
{"level":"info","message":"connected to the port number 3000"}
{"level":"info","message":"a@a.com connected"}
